platforms/android/app/build/outputs/logs/manifest-merger-debug-report.txt
-- Merging decision tree log ---
provider#org.apache.cordova.camera.FileProvider
INJECTED from src\main\AndroidManifest.xml:18:9-20:20
	android:grantUriPermissions
		ADDED from src\main\AndroidManifest.xml:18:92-126
	android:authorities
		INJECTED from src\main\AndroidManifest.xml
		ADDED from src\main\AndroidManifest.xml:18:19-66
	android:exported
		ADDED from src\main\AndroidManifest.xml:18:67-91
	android:name
		ADDED from src\main\AndroidManifest.xml:18:127-180
manifest
ADDED from src\main\AndroidManifest.xml:2:1-37:12
INJECTED from src\main\AndroidManifest.xml:2:1-37:12
INJECTED from src\main\AndroidManifest.xml:2:1-37:12
INJECTED from src\main\AndroidManifest.xml:2:1-37:12
MERGED from [com.android.support:support-v4:24.1.1] AndroidManifest.xml:17:1-27:12
MERGED from [:corelibs-plugin-4.0.0:] AndroidManifest.xml:2:1-11:12
MERGED from [:Common-3.16.9:] AndroidManifest.xml:2:1-11:12
MERGED from [:Connectivity-3.16.9:] AndroidManifest.xml:2:1-11:12
MERGED from [:ClientHubSLL-3.16.9:] AndroidManifest.xml:2:1-11:12
MERGED from [:CoreServices-3.16.9:] AndroidManifest.xml:2:1-11:12
MERGED from [:Request-3.16.9:] AndroidManifest.xml:2:1-11:12
MERGED from [:DataVaultLib-3.16.9:] AndroidManifest.xml:2:1-11:12
MERGED from [:ClientLog-3.16.9:] AndroidManifest.xml:2:1-11:12
MERGED from [:SupportabilityFacade-3.16.9:] AndroidManifest.xml:2:1-11:12
MERGED from [:HttpConversation-3.16.9:] AndroidManifest.xml:2:1-11:12
MERGED from [:HttpConvAuthFlows-3.16.9:] AndroidManifest.xml:2:1-11:12
MERGED from [:E2ETrace-3.16.9:] AndroidManifest.xml:2:1-11:12
MERGED from [:i18n-plugin-4.0.0:] AndroidManifest.xml:2:1-11:12
MERGED from [:authproxy-plugin-4.0.0:] AndroidManifest.xml:2:1-11:12
MERGED from [:MAFLogonCore-3.16.9:] AndroidManifest.xml:2:1-11:12
MERGED from [:MAFLogger-3.16.9:] AndroidManifest.xml:2:1-11:12
MERGED from [:CommonCertificateProvider-3.16.9:] AndroidManifest.xml:2:1-11:12
MERGED from [:AfariaProvider-3.16.9:] AndroidManifest.xml:2:1-18:12
MERGED from [:XscriptParser-3.16.9:] AndroidManifest.xml:2:1-11:12
MERGED from [:logon-plugin-4.0.0:] AndroidManifest.xml:2:1-11:12
MERGED from [:appupdate-plugin-4.0.0:] AndroidManifest.xml:2:1-11:12
MERGED from [:logger-plugin-4.0.0:] AndroidManifest.xml:2:1-11:12
MERGED from [:encryptedstorage-plugin-4.0.0:] AndroidManifest.xml:2:1-11:12
MERGED from [:CordovaLib] AndroidManifest.xml:20:1-27:12
INJECTED from src\main\AndroidManifest.xml:2:1-37:12
INJECTED from src\main\AndroidManifest.xml:2:1-37:12
INJECTED from src\main\AndroidManifest.xml:2:1-37:12
	package
		ADDED from src\main\AndroidManifest.xml:2:102-125
		INJECTED from src\main\AndroidManifest.xml
		INJECTED from src\main\AndroidManifest.xml
	android:versionName
		ADDED from src\main\AndroidManifest.xml:2:74-101
		INJECTED from src\main\AndroidManifest.xml
		INJECTED from src\main\AndroidManifest.xml
	android:hardwareAccelerated
		ADDED from src\main\AndroidManifest.xml:2:11-45
	xmlns:android
		ADDED from src\main\AndroidManifest.xml:2:126-184
	android:versionCode
		ADDED from src\main\AndroidManifest.xml:2:46-73
		INJECTED from src\main\AndroidManifest.xml
		INJECTED from src\main\AndroidManifest.xml
supports-screens
ADDED from src\main\AndroidManifest.xml:3:5-191
	android:largeScreens
		ADDED from src\main\AndroidManifest.xml:3:49-76
	android:smallScreens
		ADDED from src\main\AndroidManifest.xml:3:132-159
	android:normalScreens
		ADDED from src\main\AndroidManifest.xml:3:77-105
	android:xlargeScreens
		ADDED from src\main\AndroidManifest.xml:3:160-188
	android:resizeable
		ADDED from src\main\AndroidManifest.xml:3:106-131
	android:anyDensity
		ADDED from src\main\AndroidManifest.xml:3:23-48
uses-permission#android.permission.INTERNET
ADDED from src\main\AndroidManifest.xml:4:5-67
	android:name
		ADDED from src\main\AndroidManifest.xml:4:22-64
application
ADDED from src\main\AndroidManifest.xml:5:5-30:19
MERGED from [com.android.support:support-v4:24.1.1] AndroidManifest.xml:25:5-20
MERGED from [com.android.support:support-v4:24.1.1] AndroidManifest.xml:25:5-20
MERGED from [:AfariaProvider-3.16.9:] AndroidManifest.xml:11:5-16:19
MERGED from [:AfariaProvider-3.16.9:] AndroidManifest.xml:11:5-16:19
	android:supportsRtl
		ADDED from src\main\AndroidManifest.xml:5:182-208
	android:label
		ADDED from src\main\AndroidManifest.xml:5:81-113
	android:hardwareAccelerated
		ADDED from src\main\AndroidManifest.xml:5:18-52
	android:icon
		ADDED from src\main\AndroidManifest.xml:5:53-80
	android:networkSecurityConfig
		ADDED from src\main\AndroidManifest.xml:5:114-181
activity#com.kapsel.gs.MainActivity
ADDED from src\main\AndroidManifest.xml:6:9-17:20
	android:label
		ADDED from src\main\AndroidManifest.xml:6:97-134
	android:launchMode
		ADDED from src\main\AndroidManifest.xml:6:135-165
	android:windowSoftInputMode
		ADDED from src\main\AndroidManifest.xml:6:257-299
	android:configChanges
		ADDED from src\main\AndroidManifest.xml:6:19-96
	android:theme
		ADDED from src\main\AndroidManifest.xml:6:194-256
	android:name
		ADDED from src\main\AndroidManifest.xml:6:166-193
intent-filter#action:name:android.intent.action.MAIN+category:name:android.intent.category.LAUNCHER
ADDED from src\main\AndroidManifest.xml:7:13-10:29
	android:label
		ADDED from src\main\AndroidManifest.xml:7:28-65
action#android.intent.action.MAIN
ADDED from src\main\AndroidManifest.xml:8:17-69
	android:name
		ADDED from src\main\AndroidManifest.xml:8:25-66
category#android.intent.category.LAUNCHER
ADDED from src\main\AndroidManifest.xml:9:17-77
	android:name
		ADDED from src\main\AndroidManifest.xml:9:27-74
intent-filter#action:name:android.intent.action.VIEW+category:name:android.intent.category.BROWSABLE+category:name:android.intent.category.DEFAULT+data:scheme:com.kapsel.gs.xcallbackurl
ADDED from src\main\AndroidManifest.xml:11:13-16:29
action#android.intent.action.VIEW
ADDED from src\main\AndroidManifest.xml:12:17-69
	android:name
		ADDED from src\main\AndroidManifest.xml:12:25-66
category#android.intent.category.DEFAULT
ADDED from src\main\AndroidManifest.xml:13:17-76
	android:name
		ADDED from src\main\AndroidManifest.xml:13:27-73
category#android.intent.category.BROWSABLE
ADDED from src\main\AndroidManifest.xml:14:17-78
	android:name
		ADDED from src\main\AndroidManifest.xml:14:27-75
data
ADDED from src\main\AndroidManifest.xml:15:17-69
	android:scheme
		ADDED from src\main\AndroidManifest.xml:15:23-66
activity#com.sap.smp.client.httpc.authflows.SAML2AuthActivity
ADDED from src\main\AndroidManifest.xml:21:9-201
	android:excludeFromRecents
		ADDED from src\main\AndroidManifest.xml:21:97-130
	android:configChanges
		ADDED from src\main\AndroidManifest.xml:21:19-96
	android:name
		ADDED from src\main\AndroidManifest.xml:21:131-198
activity#com.sap.smp.client.httpc.authflows.OTPAuthActivity
ADDED from src\main\AndroidManifest.xml:22:9-199
	android:excludeFromRecents
		ADDED from src\main\AndroidManifest.xml:22:97-130
	android:configChanges
		ADDED from src\main\AndroidManifest.xml:22:19-96
	android:name
		ADDED from src\main\AndroidManifest.xml:22:131-196
activity#com.sap.mp.cordova.plugins.authProxy.AuthProxyOTPAuthActivity
ADDED from src\main\AndroidManifest.xml:23:9-210
	android:excludeFromRecents
		ADDED from src\main\AndroidManifest.xml:23:97-130
	android:configChanges
		ADDED from src\main\AndroidManifest.xml:23:19-96
	android:name
		ADDED from src\main\AndroidManifest.xml:23:131-207
meta-data#com.sap.afaria
ADDED from src\main\AndroidManifest.xml:24:9-136
	android:value
		ADDED from src\main\AndroidManifest.xml:24:50-133
	android:name
		ADDED from src\main\AndroidManifest.xml:24:20-49
meta-data#android.content.APP_RESTRICTIONS
ADDED from src\main\AndroidManifest.xml:25:9-107
	android:resource
		ADDED from src\main\AndroidManifest.xml:25:68-104
	android:name
		ADDED from src\main\AndroidManifest.xml:25:20-67
meta-data#com.sap.SystemCertProvider
ADDED from src\main\AndroidManifest.xml:26:9-125
	android:value
		ADDED from src\main\AndroidManifest.xml:26:62-122
	android:name
		ADDED from src\main\AndroidManifest.xml:26:20-61
provider#com.sap.mp.cordova.plugins.logger.LoggerFileProvider
ADDED from src\main\AndroidManifest.xml:27:9-29:20
	android:grantUriPermissions
		ADDED from src\main\AndroidManifest.xml:27:93-127
	android:authorities
		ADDED from src\main\AndroidManifest.xml:27:19-67
	android:exported
		ADDED from src\main\AndroidManifest.xml:27:68-92
	android:name
		ADDED from src\main\AndroidManifest.xml:27:128-195
meta-data#android.support.FILE_PROVIDER_PATHS
ADDED from src\main\AndroidManifest.xml:28:13-114
	android:resource
		ADDED from src\main\AndroidManifest.xml:28:75-111
	android:name
		ADDED from src\main\AndroidManifest.xml:28:24-74
uses-sdk
ADDED from src\main\AndroidManifest.xml:31:5-74
MERGED from [com.android.support:support-v4:24.1.1] AndroidManifest.xml:21:5-23:54
MERGED from [com.android.support:support-v4:24.1.1] AndroidManifest.xml:21:5-23:54
MERGED from [:corelibs-plugin-4.0.0:] AndroidManifest.xml:7:5-9:41
MERGED from [:corelibs-plugin-4.0.0:] AndroidManifest.xml:7:5-9:41
MERGED from [:Common-3.16.9:] AndroidManifest.xml:7:5-9:41
MERGED from [:Common-3.16.9:] AndroidManifest.xml:7:5-9:41
MERGED from [:Connectivity-3.16.9:] AndroidManifest.xml:7:5-9:41
MERGED from [:Connectivity-3.16.9:] AndroidManifest.xml:7:5-9:41
MERGED from [:ClientHubSLL-3.16.9:] AndroidManifest.xml:7:5-9:41
MERGED from [:ClientHubSLL-3.16.9:] AndroidManifest.xml:7:5-9:41
MERGED from [:CoreServices-3.16.9:] AndroidManifest.xml:7:5-9:41
MERGED from [:CoreServices-3.16.9:] AndroidManifest.xml:7:5-9:41
MERGED from [:Request-3.16.9:] AndroidManifest.xml:7:5-9:41
MERGED from [:Request-3.16.9:] AndroidManifest.xml:7:5-9:41
MERGED from [:DataVaultLib-3.16.9:] AndroidManifest.xml:7:5-9:41
MERGED from [:DataVaultLib-3.16.9:] AndroidManifest.xml:7:5-9:41
MERGED from [:ClientLog-3.16.9:] AndroidManifest.xml:7:5-9:41
MERGED from [:ClientLog-3.16.9:] AndroidManifest.xml:7:5-9:41
MERGED from [:SupportabilityFacade-3.16.9:] AndroidManifest.xml:7:5-9:41
MERGED from [:SupportabilityFacade-3.16.9:] AndroidManifest.xml:7:5-9:41
MERGED from [:HttpConversation-3.16.9:] AndroidManifest.xml:7:5-9:41
MERGED from [:HttpConversation-3.16.9:] AndroidManifest.xml:7:5-9:41
MERGED from [:HttpConvAuthFlows-3.16.9:] AndroidManifest.xml:7:5-9:41
MERGED from [:HttpConvAuthFlows-3.16.9:] AndroidManifest.xml:7:5-9:41
MERGED from [:E2ETrace-3.16.9:] AndroidManifest.xml:7:5-9:41
MERGED from [:E2ETrace-3.16.9:] AndroidManifest.xml:7:5-9:41
MERGED from [:i18n-plugin-4.0.0:] AndroidManifest.xml:7:5-9:41
MERGED from [:i18n-plugin-4.0.0:] AndroidManifest.xml:7:5-9:41
MERGED from [:authproxy-plugin-4.0.0:] AndroidManifest.xml:7:5-9:41
MERGED from [:authproxy-plugin-4.0.0:] AndroidManifest.xml:7:5-9:41
MERGED from [:MAFLogonCore-3.16.9:] AndroidManifest.xml:7:5-9:41
MERGED from [:MAFLogonCore-3.16.9:] AndroidManifest.xml:7:5-9:41
MERGED from [:MAFLogger-3.16.9:] AndroidManifest.xml:7:5-9:41
MERGED from [:MAFLogger-3.16.9:] AndroidManifest.xml:7:5-9:41
MERGED from [:CommonCertificateProvider-3.16.9:] AndroidManifest.xml:7:5-9:41
MERGED from [:CommonCertificateProvider-3.16.9:] AndroidManifest.xml:7:5-9:41
MERGED from [:AfariaProvider-3.16.9:] AndroidManifest.xml:7:5-9:41
MERGED from [:AfariaProvider-3.16.9:] AndroidManifest.xml:7:5-9:41
MERGED from [:XscriptParser-3.16.9:] AndroidManifest.xml:7:5-9:41
MERGED from [:XscriptParser-3.16.9:] AndroidManifest.xml:7:5-9:41
MERGED from [:logon-plugin-4.0.0:] AndroidManifest.xml:7:5-9:41
MERGED from [:logon-plugin-4.0.0:] AndroidManifest.xml:7:5-9:41
MERGED from [:appupdate-plugin-4.0.0:] AndroidManifest.xml:7:5-9:41
MERGED from [:appupdate-plugin-4.0.0:] AndroidManifest.xml:7:5-9:41
MERGED from [:logger-plugin-4.0.0:] AndroidManifest.xml:7:5-9:41
MERGED from [:logger-plugin-4.0.0:] AndroidManifest.xml:7:5-9:41
MERGED from [:encryptedstorage-plugin-4.0.0:] AndroidManifest.xml:7:5-9:41
MERGED from [:encryptedstorage-plugin-4.0.0:] AndroidManifest.xml:7:5-9:41
MERGED from [:CordovaLib] AndroidManifest.xml:25:5-44
MERGED from [:CordovaLib] AndroidManifest.xml:25:5-44
	tools:overrideLibrary
		ADDED from [com.android.support:support-v4:24.1.1] AndroidManifest.xml:23:9-51
	android:targetSdkVersion
		ADDED from src\main\AndroidManifest.xml:31:42-71
	android:minSdkVersion
		ADDED from src\main\AndroidManifest.xml:31:15-41
uses-permission#android.permission.WRITE_EXTERNAL_STORAGE
ADDED from src\main\AndroidManifest.xml:32:5-81
	android:name
		ADDED from src\main\AndroidManifest.xml:32:22-78
uses-permission#android.permission.READ_EXTERNAL_STORAGE
ADDED from src\main\AndroidManifest.xml:33:5-80
	android:name
		ADDED from src\main\AndroidManifest.xml:33:22-77
uses-permission#android.permission.ACCESS_NETWORK_STATE
ADDED from src\main\AndroidManifest.xml:34:5-79
	android:name
		ADDED from src\main\AndroidManifest.xml:34:22-76
uses-permission#com.sap.mobile.clientHub.CLIENTHUB_ACCESS_PERMISSION
ADDED from src\main\AndroidManifest.xml:35:5-92
	android:name
		ADDED from src\main\AndroidManifest.xml:35:22-89
uses-permission#android.permission.USE_FINGERPRINT
ADDED from src\main\AndroidManifest.xml:36:5-74
	android:name
		ADDED from src\main\AndroidManifest.xml:36:22-71
activity#com.sap.smp.client.android.afariaprovider.ProviderActivity
ADDED from [:AfariaProvider-3.16.9:] AndroidManifest.xml:12:9-15:63
	android:label
		ADDED from [:AfariaProvider-3.16.9:] AndroidManifest.xml:14:13-57
	android:theme
		ADDED from [:AfariaProvider-3.16.9:] AndroidManifest.xml:15:13-60
	android:name
		ADDED from [:AfariaProvider-3.16.9:] AndroidManifest.xml:13:13-86